#
# There is insufficient memory for the Java Runtime Environment to continue.
# Native memory allocation (malloc) failed to allocate 1048576 bytes for AllocateHeap
# Possible reasons:
#   The system is out of physical RAM or swap space
#   The process is running with CompressedOops enabled, and the Java Heap may be blocking the growth of the native heap
# Possible solutions:
#   Reduce memory load on the system
#   Increase physical memory or swap space
#   Check if swap backing store is full
#   Decrease Java heap size (-Xmx/-Xms)
#   Decrease number of Java threads
#   Decrease Java thread stack sizes (-Xss)
#   Set larger code cache with -XX:ReservedCodeCacheSize=
#   JVM is running with Zero Based Compressed Oops mode in which the Java heap is
#     placed in the first 32GB address space. The Java Heap base address is the
#     maximum limit for the native heap growth. Please use -XX:HeapBaseMinAddress
#     to set the Java Heap base and to place the Java Heap above 32GB virtual address.
# This output file may be truncated or incomplete.
#
#  Out of Memory Error (memory/allocation.inline.hpp:61), pid=9372, tid=0x0000000000003388
#
# JRE version:  (8.0_221-b11) (build )
# Java VM: Java HotSpot(TM) 64-Bit Server VM (25.221-b11 mixed mode windows-amd64 compressed oops)
# Failed to write core dump. Minidumps are not enabled by default on client versions of Windows
#

---------------  T H R E A D  ---------------

Current thread (0x0000000002ba3800):  JavaThread "Unknown thread" [_thread_in_vm, id=13192, stack(0x0000000002aa0000,0x0000000002ba0000)]

Stack: [0x0000000002aa0000,0x0000000002ba0000]
[error occurred during error reporting (printing stack bounds), id 0xc0000005]

Native frames: (J=compiled Java code, j=interpreted, Vv=VM code, C=native code)


---------------  P R O C E S S  ---------------

Java Threads: ( => current thread )

Other Threads:

=>0x0000000002ba3800 (exited) JavaThread "Unknown thread" [_thread_in_vm, id=13192, stack(0x0000000002aa0000,0x0000000002ba0000)]

VM state:not at safepoint (normal execution)

VM Mutex/Monitor currently owned by a thread: None

heap address: 0x00000006c3800000, size: 4040 MB, Compressed Oops mode: Zero based, Oop shift amount: 3
Narrow klass base: 0x0000000000000000, Narrow klass shift: 3
Compressed class space size: 1073741824 Address: 0x00000007c0000000

Heap:
 PSYoungGen      total 75776K, used 1300K [0x000000076bd80000, 0x0000000771200000, 0x00000007c0000000)
  eden space 65024K, 2% used [0x000000076bd80000,0x000000076bec51f8,0x000000076fd00000)
  from space 10752K, 0% used [0x0000000770780000,0x0000000770780000,0x0000000771200000)
  to   space 10752K, 0% used [0x000000076fd00000,0x000000076fd00000,0x0000000770780000)
 ParOldGen       total 173568K, used 0K [0x00000006c3800000, 0x00000006ce180000, 0x000000076bd80000)
  object space 173568K, 0% used [0x00000006c3800000,0x00000006c3800000,0x00000006ce180000)
 Metaspace       used 776K, capacity 4480K, committed 4480K, reserved 1056768K
  class space    used 76K, capacity 384K, committed 384K, reserved 1048576K

Card table byte_map: [0x0000000012060000,0x0000000012850000] byte_map_base: 0x000000000ea44000

Marking Bits: (ParMarkBitMap*) 0x000000006cdf5ce0
 Begin Bits: [0x00000000137a0000, 0x00000000176c0000)
 End Bits:   [0x00000000176c0000, 0x000000001b5e0000)

Polling page: 0x00000000010b0000

CodeCache: size=245760Kb used=328Kb max_used=328Kb free=245431Kb
 bounds [0x0000000002ca0000, 0x0000000002f10000, 0x0000000011ca0000]
 total_blobs=58 nmethods=0 adapters=38
 compilation: enabled

Compilation events (0 events):
No events

GC Heap History (0 events):
No events

Deoptimization events (0 events):
No events

Classes redefined (0 events):
No events

Internal exceptions (0 events):
No events

Events (10 events):
Event: 0.045 loading class java/lang/Short
Event: 0.045 loading class java/lang/Short done
Event: 0.045 loading class java/lang/Integer
Event: 0.045 loading class java/lang/Integer done
Event: 0.045 loading class java/lang/Long
Event: 0.045 loading class java/lang/Long done
Event: 0.046 loading class java/lang/NullPointerException
Event: 0.047 loading class java/lang/NullPointerException done
Event: 0.047 loading class java/lang/ArithmeticException
Event: 0.047 loading class java/lang/ArithmeticException done


Dynamic libraries:
0x00007ff691b90000 - 0x00007ff691bc7000 	C:\Program Files\Java\jdk1.8.0_221\bin\javaw.exe
0x00007ffac6440000 - 0x00007ffac6630000 	C:\WINDOWS\SYSTEM32\ntdll.dll
0x00007ffac5820000 - 0x00007ffac58d2000 	C:\WINDOWS\System32\KERNEL32.DLL
0x00007ffac3b60000 - 0x00007ffac3e05000 	C:\WINDOWS\System32\KERNELBASE.dll
0x00007ffac5b80000 - 0x00007ffac5c23000 	C:\WINDOWS\System32\ADVAPI32.dll
0x00007ffac47e0000 - 0x00007ffac487e000 	C:\WINDOWS\System32\msvcrt.dll
0x00007ffac5970000 - 0x00007ffac5a07000 	C:\WINDOWS\System32\sechost.dll
0x00007ffac5de0000 - 0x00007ffac5eff000 	C:\WINDOWS\System32\RPCRT4.dll
0x00007ffac4500000 - 0x00007ffac4694000 	C:\WINDOWS\System32\USER32.dll
0x00007ffac4130000 - 0x00007ffac4151000 	C:\WINDOWS\System32\win32u.dll
0x00007ffac5a10000 - 0x00007ffac5a36000 	C:\WINDOWS\System32\GDI32.dll
0x00007ffac3e10000 - 0x00007ffac3fa8000 	C:\WINDOWS\System32\gdi32full.dll
0x00007ffac4450000 - 0x00007ffac44ee000 	C:\WINDOWS\System32\msvcp_win.dll
0x00007ffac3fb0000 - 0x00007ffac40aa000 	C:\WINDOWS\System32\ucrtbase.dll
0x00007ffaa19f0000 - 0x00007ffaa1c74000 	C:\WINDOWS\WinSxS\amd64_microsoft.windows.common-controls_6595b64144ccf1df_6.0.18362.1316_none_9e7a364fe461dbd7\COMCTL32.dll
0x00007ffac4980000 - 0x00007ffac4cb7000 	C:\WINDOWS\System32\combase.dll
0x00007ffac4160000 - 0x00007ffac41e1000 	C:\WINDOWS\System32\bcryptPrimitives.dll
0x00007ffac4880000 - 0x00007ffac48ae000 	C:\WINDOWS\System32\IMM32.DLL
0x000000006e5f0000 - 0x000000006e6c2000 	C:\Program Files\Java\jdk1.8.0_221\jre\bin\msvcr100.dll
0x000000006c5d0000 - 0x000000006ce75000 	C:\Program Files\Java\jdk1.8.0_221\jre\bin\server\jvm.dll
0x00007ffac5a40000 - 0x00007ffac5a48000 	C:\WINDOWS\System32\PSAPI.DLL
0x00007ffac0f80000 - 0x00007ffac0fa4000 	C:\WINDOWS\SYSTEM32\WINMM.dll
0x00007ffabb4a0000 - 0x00007ffabb4aa000 	C:\WINDOWS\SYSTEM32\VERSION.dll
0x00007ffa935a0000 - 0x00007ffa935a9000 	C:\WINDOWS\SYSTEM32\WSOCK32.dll
0x00007ffac6190000 - 0x00007ffac61ff000 	C:\WINDOWS\System32\WS2_32.dll
0x00007ffac0f50000 - 0x00007ffac0f7d000 	C:\WINDOWS\SYSTEM32\WINMMBASE.dll
0x00007ffac40b0000 - 0x00007ffac40fa000 	C:\WINDOWS\System32\cfgmgr32.dll
0x00007ffabf700000 - 0x00007ffabf70f000 	C:\Program Files\Java\jdk1.8.0_221\jre\bin\verify.dll
0x00007ffabafa0000 - 0x00007ffabafc9000 	C:\Program Files\Java\jdk1.8.0_221\jre\bin\java.dll
0x00007ffabd300000 - 0x00007ffabd316000 	C:\Program Files\Java\jdk1.8.0_221\jre\bin\zip.dll

VM Arguments:
jvm_args: -Dfile.encoding=UTF-8 
java_command: com.example.demo.RestBasicoEjercicioApplication
java_class_path (initial): D:\Documentos\WsPspAlcobendas-master\RestBasicoEjercicio\target\classes;C:\Users\Jimmy\.m2\repository\org\springframework\boot\spring-boot-starter-web\2.4.2\spring-boot-starter-web-2.4.2.jar;C:\Users\Jimmy\.m2\repository\org\springframework\boot\spring-boot-starter\2.4.2\spring-boot-starter-2.4.2.jar;C:\Users\Jimmy\.m2\repository\org\springframework\boot\spring-boot\2.4.2\spring-boot-2.4.2.jar;C:\Users\Jimmy\.m2\repository\org\springframework\boot\spring-boot-autoconfigure\2.4.2\spring-boot-autoconfigure-2.4.2.jar;C:\Users\Jimmy\.m2\repository\org\springframework\boot\spring-boot-starter-logging\2.4.2\spring-boot-starter-logging-2.4.2.jar;C:\Users\Jimmy\.m2\repository\ch\qos\logback\logback-classic\1.2.3\logback-classic-1.2.3.jar;C:\Users\Jimmy\.m2\repository\ch\qos\logback\logback-core\1.2.3\logback-core-1.2.3.jar;C:\Users\Jimmy\.m2\repository\org\apache\logging\log4j\log4j-to-slf4j\2.13.3\log4j-to-slf4j-2.13.3.jar;C:\Users\Jimmy\.m2\repository\org\apache\logging\log4j\log4j-api\2.13.3\log4j-api-2.13.3.jar;C:\Users\Jimmy\.m2\repository\org\slf4j\jul-to-slf4j\1.7.30\jul-to-slf4j-1.7.30.jar;C:\Users\Jimmy\.m2\repository\org\yaml\snakeyaml\1.27\snakeyaml-1.27.jar;C:\Users\Jimmy\.m2\repository\org\springframework\boot\spring-boot-starter-json\2.4.2\spring-boot-starter-json-2.4.2.jar;C:\Users\Jimmy\.m2\repository\com\fasterxml\jackson\core\jackson-databind\2.11.4\jackson-databind-2.11.4.jar;C:\Users\Jimmy\.m2\repository\com\fasterxml\jackson\core\jackson-annotations\2.11.4\jackson-annotations-2.11.4.jar;C:\Users\Jimmy\.m2\repository\com\fasterxml\jackson\core\jackson-core\2.11.4\jackson-core-2.11.4.jar;C:\Users\Jimmy\.m2\repository\com\fasterxml\jackson\datatype\jackson-datatype-jdk8\2.11.4\jackson-datatype-jdk8-2.11.4.jar;C:\Users\Jimmy\.m2\repository\com\fasterxml\jackson\datatype\jackson-datatype-jsr310\2.11.4\jackson-datatype-jsr310-2.11.4.jar;C:\Users\Jimmy\.m2\repository\com\fasterxml\jackson\module\jackson-module-parameter-names\2.11.
Launcher Type: SUN_STANDARD

Environment Variables:
JAVA_HOME=C:\Program Files\Java\jdk1.8.0_221
PATH=C:/Program Files/Java/jdk1.8.0_221/bin/../jre/bin/server;C:/Program Files/Java/jdk1.8.0_221/bin/../jre/bin;C:/Program Files/Java/jdk1.8.0_221/bin/../jre/lib/amd64;C:\Program Files (x86)\VMware\VMware Player\bin\;C:\Program Files\Java\jdk1.8.0_221\bin;C:\WINDOWS\system32;C:\WINDOWS;C:\WINDOWS\System32\Wbem;C:\WINDOWS\System32\WindowsPowerShell\v1.0\;C:\WINDOWS\System32\OpenSSH\;C:\Program Files\Calibre2\;C:\Program Files (x86)\NVIDIA Corporation\PhysX\Common;C:\Program Files\NVIDIA Corporation\NVIDIA NvDLISR;C:\Git\cmd;C:\Program Files\Python_3.9.0\Scripts\;C:\Program Files\Python_3.9.0\;C:\Program Files\Java\jdk1.8.0_221\bin;C:\Users\Jimmy\AppData\Local\Microsoft\WindowsApps;;C:\Users\Jimmy\Desktop\DAM\eclipse\eclipse;
USERNAME=Jimmy
OS=Windows_NT
PROCESSOR_IDENTIFIER=Intel64 Family 6 Model 158 Stepping 10, GenuineIntel



---------------  S Y S T E M  ---------------

OS: Windows 10.0 , 64 bit Build 18362 (10.0.18362.1316)

CPU:total 12 (initial active 12) (6 cores per cpu, 2 threads per core) family 6 model 158 stepping 10, cmov, cx8, fxsr, mmx, sse, sse2, sse3, ssse3, sse4.1, sse4.2, popcnt, avx, avx2, aes, clmul, erms, 3dnowpref, lzcnt, ht, tsc, tscinvbit, bmi1, bmi2, adx

Memory: 4k page, physical 16546068k(5948120k free), swap 19531028k(13232k free)

vm_info: Java HotSpot(TM) 64-Bit Server VM (25.221-b11) for windows-amd64 JRE (1.8.0_221-b11), built on Jul  4 2019 04:39:29 by "java_re" with MS VC++ 10.0 (VS2010)

time: Tue Feb 09 18:08:31 2021
timezone: Hora estándar romance
elapsed time: 0 seconds (0d 0h 0m 0s)

